Performing C++ SOURCE FILE Test EIGEN_COMPILER_SUPPORT_CPP11 failed with the following output:
Change Dir: C:/PHD/Code/CASE2021_code/ThirdPartyDependence/eigen3/out/build/x64-Debug/CMakeFiles/CMakeTmp

Run Build Command(s):C:/Program Files (x86)/Microsoft Visual Studio/2019/Community/Common7/IDE/CommonExtensions/Microsoft/CMake/Ninja/ninja.exe cmTC_34611 && [1/2] Building CXX object CMakeFiles\cmTC_34611.dir\src.cxx.obj
cl : Command line warning D9002 : ignoring unknown option '-std=c++11'
[2/2] Linking CXX executable cmTC_34611.exe


Source file was:
int main() { return 0; }
Performing C++ SOURCE FILE Test EIGEN_COMPILER_SUPPORT_CXX11 failed with the following output:
Change Dir: C:/PHD/Code/CASE2021_code/ThirdPartyDependence/eigen3/out/build/x64-Debug/CMakeFiles/CMakeTmp

Run Build Command(s):C:/Program Files (x86)/Microsoft Visual Studio/2019/Community/Common7/IDE/CommonExtensions/Microsoft/CMake/Ninja/ninja.exe cmTC_f0050 && [1/2] Building CXX object CMakeFiles\cmTC_f0050.dir\src.cxx.obj
cl : Command line warning D9002 : ignoring unknown option '-std=c++11'
[2/2] Linking CXX executable cmTC_f0050.exe


Source file was:
int main() { return 0; }
Determining if the include file pthread.h exists failed with the following output:
Change Dir: C:/PHD/Code/CASE2021_code/ThirdPartyDependence/eigen3/out/build/x64-Debug/CMakeFiles/CMakeTmp

Run Build Command(s):C:/Program Files (x86)/Microsoft Visual Studio/2019/Community/Common7/IDE/CommonExtensions/Microsoft/CMake/Ninja/ninja.exe cmTC_6855c && [1/2] Building C object CMakeFiles\cmTC_6855c.dir\CheckIncludeFile.c.obj
FAILED: CMakeFiles/cmTC_6855c.dir/CheckIncludeFile.c.obj 
C:\PROGRA~2\MICROS~2\2019\COMMUN~1\VC\Tools\MSVC\1428~1.299\bin\Hostx64\x64\cl.exe  /nologo   /DWIN32 /D_WINDOWS /W3  /MDd /Zi /Ob0 /Od /RTC1 /showIncludes /FoCMakeFiles\cmTC_6855c.dir\CheckIncludeFile.c.obj /FdCMakeFiles\cmTC_6855c.dir\ /FS -c CheckIncludeFile.c
CheckIncludeFile.c(1): fatal error C1083: Cannot open include file: 'pthread.h': No such file or directory
ninja: build stopped: subcommand failed.



The MPI test test_mpi for C in mode normal failed to compile with the following output:
Change Dir: C:/PHD/Code/CASE2021_code/ThirdPartyDependence/eigen3/out/build/x64-Debug/CMakeFiles/CMakeTmp

Run Build Command(s):C:/Program Files (x86)/Microsoft Visual Studio/2019/Community/Common7/IDE/CommonExtensions/Microsoft/CMake/Ninja/ninja.exe cmTC_66912 && [1/2] Building C object CMakeFiles\cmTC_66912.dir\test_mpi.c.obj
FAILED: CMakeFiles/cmTC_66912.dir/test_mpi.c.obj 
C:\PROGRA~2\MICROS~2\2019\COMMUN~1\VC\Tools\MSVC\1428~1.299\bin\Hostx64\x64\cl.exe  /nologo   /DWIN32 /D_WINDOWS /W3  /MDd /Zi /Ob0 /Od /RTC1 /showIncludes /FoCMakeFiles\cmTC_66912.dir\test_mpi.c.obj /FdCMakeFiles\cmTC_66912.dir\ /FS -c "C:\Program Files (x86)\Microsoft Visual Studio\2019\Community\Common7\IDE\CommonExtensions\Microsoft\CMake\CMake\share\cmake-3.19\Modules\FindMPI\test_mpi.c"
C:\Program Files (x86)\Microsoft Visual Studio\2019\Community\Common7\IDE\CommonExtensions\Microsoft\CMake\CMake\share\cmake-3.19\Modules\FindMPI\test_mpi.c(1): fatal error C1083: Cannot open include file: 'mpi.h': No such file or directory
ninja: build stopped: subcommand failed.



The MPI test test_mpi for CXX in mode normal failed to compile with the following output:
Change Dir: C:/PHD/Code/CASE2021_code/ThirdPartyDependence/eigen3/out/build/x64-Debug/CMakeFiles/CMakeTmp

Run Build Command(s):C:/Program Files (x86)/Microsoft Visual Studio/2019/Community/Common7/IDE/CommonExtensions/Microsoft/CMake/Ninja/ninja.exe cmTC_48433 && [1/2] Building CXX object CMakeFiles\cmTC_48433.dir\test_mpi.cpp.obj
FAILED: CMakeFiles/cmTC_48433.dir/test_mpi.cpp.obj 
C:\PROGRA~2\MICROS~2\2019\COMMUN~1\VC\Tools\MSVC\1428~1.299\bin\Hostx64\x64\cl.exe  /nologo /TP   /DWIN32 /D_WINDOWS /W4 /GR /EHsc /EHsc /wd4127 /wd4505 /wd4714 /D_CRT_SECURE_NO_WARNINGS /D_SCL_SECURE_NO_WARNINGS  /MDd /Zi /Ob0 /Od /RTC1 /showIncludes /FoCMakeFiles\cmTC_48433.dir\test_mpi.cpp.obj /FdCMakeFiles\cmTC_48433.dir\ /FS -c C:\PHD\Code\CASE2021_code\ThirdPartyDependence\eigen3\out\build\x64-Debug\CMakeFiles\FindMPI\test_mpi.cpp
C:\PHD\Code\CASE2021_code\ThirdPartyDependence\eigen3\out\build\x64-Debug\CMakeFiles\FindMPI\test_mpi.cpp(1): fatal error C1083: Cannot open include file: 'mpi.h': No such file or directory
ninja: build stopped: subcommand failed.



Performing C SOURCE FILE Test SCOTCH_Num_4 failed with the following compile output:
Change Dir: C:/PHD/Code/CASE2021_code/ThirdPartyDependence/eigen3/out/build/x64-Debug/CMakeFiles/CMakeTmp

Run Build Command(s):C:/Program Files (x86)/Microsoft Visual Studio/2019/Community/Common7/IDE/CommonExtensions/Microsoft/CMake/Ninja/ninja.exe cmTC_7c69f && [1/2] Building C object CMakeFiles\cmTC_7c69f.dir\src.c.obj
FAILED: CMakeFiles/cmTC_7c69f.dir/src.c.obj 
C:\PROGRA~2\MICROS~2\2019\COMMUN~1\VC\Tools\MSVC\1428~1.299\bin\Hostx64\x64\cl.exe  /nologo -DSCOTCH_Num_4  /DWIN32 /D_WINDOWS /W3  /MDd /Zi /Ob0 /Od /RTC1 /showIncludes /FoCMakeFiles\cmTC_7c69f.dir\src.c.obj /FdCMakeFiles\cmTC_7c69f.dir\ /FS -c src.c
src.c(4): fatal error C1083: Cannot open include file: 'scotch.h': No such file or directory
ninja: build stopped: subcommand failed.


...and run output:

Return value: 1
Source file was:

#include <stdio.h>
#include <stdint.h>
#include <scotch.h>
int main(int argc, char **argv) {
  if (sizeof(SCOTCH_Num) == 4)
    return 0;
  else
    return 1;
}

Performing C SOURCE FILE Test SCOTCH_Num_8 failed with the following compile output:
Change Dir: C:/PHD/Code/CASE2021_code/ThirdPartyDependence/eigen3/out/build/x64-Debug/CMakeFiles/CMakeTmp

Run Build Command(s):C:/Program Files (x86)/Microsoft Visual Studio/2019/Community/Common7/IDE/CommonExtensions/Microsoft/CMake/Ninja/ninja.exe cmTC_50d83 && [1/2] Building C object CMakeFiles\cmTC_50d83.dir\src.c.obj
FAILED: CMakeFiles/cmTC_50d83.dir/src.c.obj 
C:\PROGRA~2\MICROS~2\2019\COMMUN~1\VC\Tools\MSVC\1428~1.299\bin\Hostx64\x64\cl.exe  /nologo -DSCOTCH_Num_8  /DWIN32 /D_WINDOWS /W3  /MDd /Zi /Ob0 /Od /RTC1 /showIncludes /FoCMakeFiles\cmTC_50d83.dir\src.c.obj /FdCMakeFiles\cmTC_50d83.dir\ /FS -c src.c
src.c(4): fatal error C1083: Cannot open include file: 'scotch.h': No such file or directory
ninja: build stopped: subcommand failed.


...and run output:

Return value: 1
Source file was:

#include <stdio.h>
#include <stdint.h>
#include <scotch.h>
int main(int argc, char **argv) {
  if (sizeof(SCOTCH_Num) == 8)
    return 0;
  else
    return 1;
}

The MPI test test_mpi for C in mode normal failed to compile with the following output:
Change Dir: C:/PHD/Code/CASE2021_code/ThirdPartyDependence/eigen3/out/build/x64-Debug/CMakeFiles/CMakeTmp

Run Build Command(s):C:/Program Files (x86)/Microsoft Visual Studio/2019/Community/Common7/IDE/CommonExtensions/Microsoft/CMake/Ninja/ninja.exe cmTC_0430a && [1/2] Building C object CMakeFiles\cmTC_0430a.dir\test_mpi.c.obj
FAILED: CMakeFiles/cmTC_0430a.dir/test_mpi.c.obj 
C:\PROGRA~2\MICROS~2\2019\COMMUN~1\VC\Tools\MSVC\1428~1.299\bin\Hostx64\x64\cl.exe  /nologo   /DWIN32 /D_WINDOWS /W3  /MDd /Zi /Ob0 /Od /RTC1 /showIncludes /FoCMakeFiles\cmTC_0430a.dir\test_mpi.c.obj /FdCMakeFiles\cmTC_0430a.dir\ /FS -c "C:\Program Files (x86)\Microsoft Visual Studio\2019\Community\Common7\IDE\CommonExtensions\Microsoft\CMake\CMake\share\cmake-3.19\Modules\FindMPI\test_mpi.c"
C:\Program Files (x86)\Microsoft Visual Studio\2019\Community\Common7\IDE\CommonExtensions\Microsoft\CMake\CMake\share\cmake-3.19\Modules\FindMPI\test_mpi.c(1): fatal error C1083: Cannot open include file: 'mpi.h': No such file or directory
ninja: build stopped: subcommand failed.



The MPI test test_mpi for CXX in mode normal failed to compile with the following output:
Change Dir: C:/PHD/Code/CASE2021_code/ThirdPartyDependence/eigen3/out/build/x64-Debug/CMakeFiles/CMakeTmp

Run Build Command(s):C:/Program Files (x86)/Microsoft Visual Studio/2019/Community/Common7/IDE/CommonExtensions/Microsoft/CMake/Ninja/ninja.exe cmTC_59dd4 && [1/2] Building CXX object CMakeFiles\cmTC_59dd4.dir\test_mpi.cpp.obj
FAILED: CMakeFiles/cmTC_59dd4.dir/test_mpi.cpp.obj 
C:\PROGRA~2\MICROS~2\2019\COMMUN~1\VC\Tools\MSVC\1428~1.299\bin\Hostx64\x64\cl.exe  /nologo /TP   /DWIN32 /D_WINDOWS /W4 /GR /EHsc /EHsc /wd4127 /wd4505 /wd4714 /D_CRT_SECURE_NO_WARNINGS /D_SCL_SECURE_NO_WARNINGS  /MDd /Zi /Ob0 /Od /RTC1 /showIncludes /FoCMakeFiles\cmTC_59dd4.dir\test_mpi.cpp.obj /FdCMakeFiles\cmTC_59dd4.dir\ /FS -c C:\PHD\Code\CASE2021_code\ThirdPartyDependence\eigen3\out\build\x64-Debug\CMakeFiles\FindMPI\test_mpi.cpp
C:\PHD\Code\CASE2021_code\ThirdPartyDependence\eigen3\out\build\x64-Debug\CMakeFiles\FindMPI\test_mpi.cpp(1): fatal error C1083: Cannot open include file: 'mpi.h': No such file or directory
ninja: build stopped: subcommand failed.



Performing C SOURCE FILE Test PTSCOTCH_Num_4 failed with the following compile output:
Change Dir: C:/PHD/Code/CASE2021_code/ThirdPartyDependence/eigen3/out/build/x64-Debug/CMakeFiles/CMakeTmp

Run Build Command(s):C:/Program Files (x86)/Microsoft Visual Studio/2019/Community/Common7/IDE/CommonExtensions/Microsoft/CMake/Ninja/ninja.exe cmTC_60e39 && [1/2] Building C object CMakeFiles\cmTC_60e39.dir\src.c.obj
FAILED: CMakeFiles/cmTC_60e39.dir/src.c.obj 
C:\PROGRA~2\MICROS~2\2019\COMMUN~1\VC\Tools\MSVC\1428~1.299\bin\Hostx64\x64\cl.exe  /nologo -DPTSCOTCH_Num_4  /DWIN32 /D_WINDOWS /W3  /MDd /Zi /Ob0 /Od /RTC1 /showIncludes /FoCMakeFiles\cmTC_60e39.dir\src.c.obj /FdCMakeFiles\cmTC_60e39.dir\ /FS -c src.c
src.c(4): fatal error C1083: Cannot open include file: 'ptscotch.h': No such file or directory
ninja: build stopped: subcommand failed.


...and run output:

Return value: 1
Source file was:

#include <stdio.h>
#include <stdint.h>
#include <ptscotch.h>
int main(int argc, char **argv) {
  if (sizeof(SCOTCH_Num) == 4)
    return 0;
  else
    return 1;
}

Performing C SOURCE FILE Test PTSCOTCH_Num_8 failed with the following compile output:
Change Dir: C:/PHD/Code/CASE2021_code/ThirdPartyDependence/eigen3/out/build/x64-Debug/CMakeFiles/CMakeTmp

Run Build Command(s):C:/Program Files (x86)/Microsoft Visual Studio/2019/Community/Common7/IDE/CommonExtensions/Microsoft/CMake/Ninja/ninja.exe cmTC_f208e && [1/2] Building C object CMakeFiles\cmTC_f208e.dir\src.c.obj
FAILED: CMakeFiles/cmTC_f208e.dir/src.c.obj 
C:\PROGRA~2\MICROS~2\2019\COMMUN~1\VC\Tools\MSVC\1428~1.299\bin\Hostx64\x64\cl.exe  /nologo -DPTSCOTCH_Num_8  /DWIN32 /D_WINDOWS /W3  /MDd /Zi /Ob0 /Od /RTC1 /showIncludes /FoCMakeFiles\cmTC_f208e.dir\src.c.obj /FdCMakeFiles\cmTC_f208e.dir\ /FS -c src.c
src.c(4): fatal error C1083: Cannot open include file: 'ptscotch.h': No such file or directory
ninja: build stopped: subcommand failed.


...and run output:

Return value: 1
Source file was:

#include <stdio.h>
#include <stdint.h>
#include <ptscotch.h>
int main(int argc, char **argv) {
  if (sizeof(SCOTCH_Num) == 8)
    return 0;
  else
    return 1;
}

Performing C++ SOURCE FILE Test COMPILER_SUPPORT_FASTMATH failed with the following output:
Change Dir: C:/PHD/Code/CASE2021_code/ThirdPartyDependence/eigen3/out/build/x64-Debug/CMakeFiles/CMakeTmp

Run Build Command(s):C:/Program Files (x86)/Microsoft Visual Studio/2019/Community/Common7/IDE/CommonExtensions/Microsoft/CMake/Ninja/ninja.exe cmTC_fce29 && [1/2] Building CXX object CMakeFiles\cmTC_fce29.dir\src.cxx.obj
cl : Command line warning D9002 : ignoring unknown option '-ffast-math'
[2/2] Linking CXX executable cmTC_fce29.exe


Source file was:
int main() { return 0; }
The MPI test test_mpi for C in mode normal failed to compile with the following output:
Change Dir: C:/PHD/Code/CASE2021_code/ThirdPartyDependence/eigen3/out/build/x64-Debug/CMakeFiles/CMakeTmp

Run Build Command(s):C:/Program Files (x86)/Microsoft Visual Studio/2019/Community/Common7/IDE/CommonExtensions/Microsoft/CMake/Ninja/ninja.exe cmTC_43c8e && [1/2] Building C object CMakeFiles\cmTC_43c8e.dir\test_mpi.c.obj
FAILED: CMakeFiles/cmTC_43c8e.dir/test_mpi.c.obj 
C:\PROGRA~2\MICROS~2\2019\COMMUN~1\VC\Tools\MSVC\1428~1.299\bin\Hostx64\x64\cl.exe  /nologo   /DWIN32 /D_WINDOWS /W3  /MDd /Zi /Ob0 /Od /RTC1 /showIncludes /FoCMakeFiles\cmTC_43c8e.dir\test_mpi.c.obj /FdCMakeFiles\cmTC_43c8e.dir\ /FS -c "C:\Program Files (x86)\Microsoft Visual Studio\2019\Community\Common7\IDE\CommonExtensions\Microsoft\CMake\CMake\share\cmake-3.19\Modules\FindMPI\test_mpi.c"
C:\Program Files (x86)\Microsoft Visual Studio\2019\Community\Common7\IDE\CommonExtensions\Microsoft\CMake\CMake\share\cmake-3.19\Modules\FindMPI\test_mpi.c(1): fatal error C1083: Cannot open include file: 'mpi.h': No such file or directory
ninja: build stopped: subcommand failed.



The MPI test test_mpi for CXX in mode normal failed to compile with the following output:
Change Dir: C:/PHD/Code/CASE2021_code/ThirdPartyDependence/eigen3/out/build/x64-Debug/CMakeFiles/CMakeTmp

Run Build Command(s):C:/Program Files (x86)/Microsoft Visual Studio/2019/Community/Common7/IDE/CommonExtensions/Microsoft/CMake/Ninja/ninja.exe cmTC_4277f && [1/2] Building CXX object CMakeFiles\cmTC_4277f.dir\test_mpi.cpp.obj
FAILED: CMakeFiles/cmTC_4277f.dir/test_mpi.cpp.obj 
C:\PROGRA~2\MICROS~2\2019\COMMUN~1\VC\Tools\MSVC\1428~1.299\bin\Hostx64\x64\cl.exe  /nologo /TP   /DWIN32 /D_WINDOWS /W4 /GR /EHsc /EHsc /wd4127 /wd4505 /wd4714 /D_CRT_SECURE_NO_WARNINGS /D_SCL_SECURE_NO_WARNINGS  /MDd /Zi /Ob0 /Od /RTC1 /showIncludes /FoCMakeFiles\cmTC_4277f.dir\test_mpi.cpp.obj /FdCMakeFiles\cmTC_4277f.dir\ /FS -c C:\PHD\Code\CASE2021_code\ThirdPartyDependence\eigen3\out\build\x64-Debug\CMakeFiles\FindMPI\test_mpi.cpp
C:\PHD\Code\CASE2021_code\ThirdPartyDependence\eigen3\out\build\x64-Debug\CMakeFiles\FindMPI\test_mpi.cpp(1): fatal error C1083: Cannot open include file: 'mpi.h': No such file or directory
ninja: build stopped: subcommand failed.



The MPI test test_mpi for C in mode normal failed to compile with the following output:
Change Dir: C:/PHD/Code/CASE2021_code/ThirdPartyDependence/eigen3/out/build/x64-Debug/CMakeFiles/CMakeTmp

Run Build Command(s):C:/Program Files (x86)/Microsoft Visual Studio/2019/Community/Common7/IDE/CommonExtensions/Microsoft/CMake/Ninja/ninja.exe cmTC_28629 && [1/2] Building C object CMakeFiles\cmTC_28629.dir\test_mpi.c.obj
FAILED: CMakeFiles/cmTC_28629.dir/test_mpi.c.obj 
C:\PROGRA~2\MICROS~2\2019\COMMUN~1\VC\Tools\MSVC\1428~1.299\bin\Hostx64\x64\cl.exe  /nologo   /DWIN32 /D_WINDOWS /W3  /MDd /Zi /Ob0 /Od /RTC1 /showIncludes /FoCMakeFiles\cmTC_28629.dir\test_mpi.c.obj /FdCMakeFiles\cmTC_28629.dir\ /FS -c "C:\Program Files (x86)\Microsoft Visual Studio\2019\Community\Common7\IDE\CommonExtensions\Microsoft\CMake\CMake\share\cmake-3.19\Modules\FindMPI\test_mpi.c"
C:\Program Files (x86)\Microsoft Visual Studio\2019\Community\Common7\IDE\CommonExtensions\Microsoft\CMake\CMake\share\cmake-3.19\Modules\FindMPI\test_mpi.c(1): fatal error C1083: Cannot open include file: 'mpi.h': No such file or directory
ninja: build stopped: subcommand failed.



The MPI test test_mpi for CXX in mode normal failed to compile with the following output:
Change Dir: C:/PHD/Code/CASE2021_code/ThirdPartyDependence/eigen3/out/build/x64-Debug/CMakeFiles/CMakeTmp

Run Build Command(s):C:/Program Files (x86)/Microsoft Visual Studio/2019/Community/Common7/IDE/CommonExtensions/Microsoft/CMake/Ninja/ninja.exe cmTC_1c6d3 && [1/2] Building CXX object CMakeFiles\cmTC_1c6d3.dir\test_mpi.cpp.obj
FAILED: CMakeFiles/cmTC_1c6d3.dir/test_mpi.cpp.obj 
C:\PROGRA~2\MICROS~2\2019\COMMUN~1\VC\Tools\MSVC\1428~1.299\bin\Hostx64\x64\cl.exe  /nologo /TP   /DWIN32 /D_WINDOWS /W4 /GR /EHsc /EHsc /wd4127 /wd4505 /wd4714 /D_CRT_SECURE_NO_WARNINGS /D_SCL_SECURE_NO_WARNINGS  /MDd /Zi /Ob0 /Od /RTC1 /showIncludes /FoCMakeFiles\cmTC_1c6d3.dir\test_mpi.cpp.obj /FdCMakeFiles\cmTC_1c6d3.dir\ /FS -c C:\PHD\Code\CASE2021_code\ThirdPartyDependence\eigen3\out\build\x64-Debug\CMakeFiles\FindMPI\test_mpi.cpp
C:\PHD\Code\CASE2021_code\ThirdPartyDependence\eigen3\out\build\x64-Debug\CMakeFiles\FindMPI\test_mpi.cpp(1): fatal error C1083: Cannot open include file: 'mpi.h': No such file or directory
ninja: build stopped: subcommand failed.



